--------------------------------------------------------------------------------
Release 10.1 Trace  (nt)
Copyright (c) 1995-2008 Xilinx, Inc.  All rights reserved.

C:\Xilinx\10.1\ISE\bin\nt\unwrapped\trce.exe -ise
C:/Users/Ben/Desktop/FPGAprojects/Subsystems/Subsys_Adder/Subsys_Adder.ise
-intstyle ise -e 3 -s 4 -xml Subsys_Adder Subsys_Adder.ncd -o Subsys_Adder.twr
Subsys_Adder.pcf

Design file:              Subsys_Adder.ncd
Physical constraint file: Subsys_Adder.pcf
Device,package,speed:     xc3s500e,fg320,-4 (PRODUCTION 1.27 2008-01-09)
Report level:             error report

Environment Variable      Effect 
--------------------      ------ 
NONE                      No environment variables were set
--------------------------------------------------------------------------------

INFO:Timing:2698 - No timing constraints found, doing default enumeration.
INFO:Timing:2752 - To get complete path coverage, use the unconstrained paths 
   option. All paths that are not constrained will be reported in the 
   unconstrained paths section(s) of the report.
INFO:Timing:3339 - The clock-to-out numbers in this timing report are based on 
   a 50 Ohm transmission line loading model.  For the details of this model, 
   and for more information on accounting for different loading conditions, 
   please see the device datasheet.



Data Sheet report:
-----------------
All values displayed in nanoseconds (ns)

Pad to Pad
---------------+---------------+---------+
Source Pad     |Destination Pad|  Delay  |
---------------+---------------+---------+
CLK1           |seg<0>         |   14.791|
CLK1           |seg<1>         |   14.063|
CLK1           |seg<2>         |   14.713|
CLK1           |seg<3>         |   14.694|
CLK1           |seg<4>         |   14.656|
CLK1           |seg<5>         |   14.259|
CLK1           |seg<6>         |   13.647|
CLK2           |seg<0>         |   11.543|
CLK2           |seg<1>         |   10.815|
CLK2           |seg<2>         |   11.465|
CLK2           |seg<3>         |   11.446|
CLK2           |seg<4>         |   11.408|
CLK2           |seg<5>         |   11.011|
CLK2           |seg<6>         |   10.399|
N1<0>          |seg<0>         |   13.982|
N1<0>          |seg<1>         |   13.254|
N1<0>          |seg<2>         |   13.904|
N1<0>          |seg<3>         |   13.885|
N1<0>          |seg<4>         |   13.847|
N1<0>          |seg<5>         |   13.450|
N1<0>          |seg<6>         |   12.838|
N1<1>          |seg<0>         |   13.365|
N1<1>          |seg<1>         |   12.637|
N1<1>          |seg<2>         |   13.287|
N1<1>          |seg<3>         |   13.268|
N1<1>          |seg<4>         |   13.230|
N1<1>          |seg<5>         |   12.833|
N1<1>          |seg<6>         |   12.221|
N1<2>          |seg<0>         |   12.617|
N1<2>          |seg<1>         |   11.889|
N1<2>          |seg<2>         |   12.539|
N1<2>          |seg<3>         |   12.520|
N1<2>          |seg<4>         |   12.482|
N1<2>          |seg<5>         |   12.085|
N1<2>          |seg<6>         |   11.473|
N2<0>          |seg<0>         |   14.119|
N2<0>          |seg<1>         |   13.391|
N2<0>          |seg<2>         |   14.041|
N2<0>          |seg<3>         |   14.022|
N2<0>          |seg<4>         |   13.984|
N2<0>          |seg<5>         |   13.587|
N2<0>          |seg<6>         |   12.975|
N2<1>          |seg<0>         |   14.293|
N2<1>          |seg<1>         |   13.565|
N2<1>          |seg<2>         |   14.215|
N2<1>          |seg<3>         |   14.196|
N2<1>          |seg<4>         |   14.158|
N2<1>          |seg<5>         |   13.761|
N2<1>          |seg<6>         |   13.149|
N2<2>          |seg<0>         |   14.131|
N2<2>          |seg<1>         |   13.403|
N2<2>          |seg<2>         |   14.053|
N2<2>          |seg<3>         |   14.034|
N2<2>          |seg<4>         |   13.996|
N2<2>          |seg<5>         |   13.599|
N2<2>          |seg<6>         |   12.987|
---------------+---------------+---------+


Analysis completed Fri Apr 10 12:07:01 2009 
--------------------------------------------------------------------------------

Trace Settings:
-------------------------
Trace Settings 

Peak Memory Usage: 129 MB



