Release 10.1 - xst K.31 (nt)
Copyright (c) 1995-2008 Xilinx, Inc.  All rights reserved.
--> Parameter TMPDIR set to C:/Users/Ben/Desktop/FPGAprojects/Components/Comp_4bitSyncCounter/xst/projnav.tmp


Total REAL time to Xst completion: 0.00 secs
Total CPU time to Xst completion: 0.13 secs
 
--> Parameter xsthdpdir set to C:/Users/Ben/Desktop/FPGAprojects/Components/Comp_4bitSyncCounter/xst


Total REAL time to Xst completion: 0.00 secs
Total CPU time to Xst completion: 0.13 secs
 
--> Reading design: Comp_4bitSyncCounter.prj

TABLE OF CONTENTS
  1) Synthesis Options Summary
  2) HDL Compilation
  3) Design Hierarchy Analysis
  4) HDL Analysis
  5) HDL Synthesis
     5.1) HDL Synthesis Report
  6) Advanced HDL Synthesis
     6.1) Advanced HDL Synthesis Report
  7) Low Level Synthesis
  8) Partition Report
  9) Final Report
     9.1) Device utilization summary
     9.2) Partition Resource Summary
     9.3) TIMING REPORT


=========================================================================
*                      Synthesis Options Summary                        *
=========================================================================
---- Source Parameters
Input File Name                    : "Comp_4bitSyncCounter.prj"
Input Format                       : mixed
Ignore Synthesis Constraint File   : NO

---- Target Parameters
Output File Name                   : "Comp_4bitSyncCounter"
Output Format                      : NGC
Target Device                      : xc3s500e-4-fg320

---- Source Options
Top Module Name                    : Comp_4bitSyncCounter
Automatic FSM Extraction           : YES
FSM Encoding Algorithm             : Auto
Safe Implementation                : No
FSM Style                          : lut
RAM Extraction                     : Yes
RAM Style                          : Auto
ROM Extraction                     : Yes
Mux Style                          : Auto
Decoder Extraction                 : YES
Priority Encoder Extraction        : YES
Shift Register Extraction          : YES
Logical Shifter Extraction         : YES
XOR Collapsing                     : YES
ROM Style                          : Auto
Mux Extraction                     : YES
Resource Sharing                   : YES
Asynchronous To Synchronous        : NO
Multiplier Style                   : auto
Automatic Register Balancing       : No

---- Target Options
Add IO Buffers                     : YES
Global Maximum Fanout              : 500
Add Generic Clock Buffer(BUFG)     : 24
Register Duplication               : YES
Slice Packing                      : YES
Optimize Instantiated Primitives   : NO
Use Clock Enable                   : Yes
Use Synchronous Set                : Yes
Use Synchronous Reset              : Yes
Pack IO Registers into IOBs        : auto
Equivalent register Removal        : YES

---- General Options
Optimization Goal                  : Speed
Optimization Effort                : 1
Library Search Order               : Comp_4bitSyncCounter.lso
Keep Hierarchy                     : NO
Netlist Hierarchy                  : as_optimized
RTL Output                         : Yes
Global Optimization                : AllClockNets
Read Cores                         : YES
Write Timing Constraints           : NO
Cross Clock Analysis               : NO
Hierarchy Separator                : /
Bus Delimiter                      : <>
Case Specifier                     : maintain
Slice Utilization Ratio            : 100
BRAM Utilization Ratio             : 100
Verilog 2001                       : YES
Auto BRAM Packing                  : NO
Slice Utilization Ratio Delta      : 5

=========================================================================


=========================================================================
*                          HDL Compilation                              *
=========================================================================
Compiling vhdl file "C:/Users/Ben/Desktop/FPGAprojects/Gates/Gate_Inv/Gate_Inv.vhd" in Library work.
Architecture behavioral of Entity gate_inv is up to date.
Compiling vhdl file "C:/Users/Ben/Desktop/FPGAprojects/Gates/Gate_Nand/Gate_Nand.vhd" in Library work.
Architecture behavioral of Entity gate_nand is up to date.
Compiling vhdl file "C:/Users/Ben/Desktop/FPGAprojects/Gates/Gate_Buf/Gate_Buf.vhd" in Library work.
Architecture behavioral of Entity gate_buf is up to date.
Compiling vhdl file "C:/Users/Ben/Desktop/FPGAprojects/Gates/Gate_Xor/Gate_Xor.vhd" in Library work.
Architecture behavioral of Entity gate_xor is up to date.
Compiling vhdl file "C:/Users/Ben/Desktop/FPGAprojects/Gates/Gate_And/Gate_And.vhd" in Library work.
Architecture behavioral of Entity gate_and is up to date.
Compiling vhdl file "C:/Users/Ben/Desktop/FPGAprojects/Components/Comp_Dflipflop/Comp_Dflipflop.vhd" in Library work.
Architecture behavioral of Entity comp_dflipflop is up to date.
Compiling vhdl file "C:/Users/Ben/Desktop/FPGAprojects/Components/Comp_4bitSyncCounter/Comp_4bitSyncCounter.vhd" in Library work.
Entity <comp_4bitsynccounter> compiled.
Entity <comp_4bitsynccounter> (Architecture <behavioral>) compiled.

=========================================================================
*                     Design Hierarchy Analysis                         *
=========================================================================
Analyzing hierarchy for entity <Comp_4bitSyncCounter> in library <work> (architecture <behavioral>).

Analyzing hierarchy for entity <Gate_Inv> in library <work> (architecture <behavioral>).

Analyzing hierarchy for entity <Gate_Xor> in library <work> (architecture <behavioral>).

Analyzing hierarchy for entity <Gate_And> in library <work> (architecture <behavioral>).

Analyzing hierarchy for entity <Comp_Dflipflop> in library <work> (architecture <behavioral>).

Analyzing hierarchy for entity <Gate_Buf> in library <work> (architecture <behavioral>).

Analyzing hierarchy for entity <Gate_Inv> in library <work> (architecture <behavioral>).

Analyzing hierarchy for entity <Gate_Nand> in library <work> (architecture <behavioral>).


=========================================================================
*                            HDL Analysis                               *
=========================================================================
Analyzing Entity <Comp_4bitSyncCounter> in library <work> (Architecture <behavioral>).
WARNING:Xst:753 - "C:/Users/Ben/Desktop/FPGAprojects/Components/Comp_4bitSyncCounter/Comp_4bitSyncCounter.vhd" line 94: Unconnected output port 'NQ' of component 'Comp_Dflipflop'.
WARNING:Xst:753 - "C:/Users/Ben/Desktop/FPGAprojects/Components/Comp_4bitSyncCounter/Comp_4bitSyncCounter.vhd" line 100: Unconnected output port 'NQ' of component 'Comp_Dflipflop'.
WARNING:Xst:753 - "C:/Users/Ben/Desktop/FPGAprojects/Components/Comp_4bitSyncCounter/Comp_4bitSyncCounter.vhd" line 106: Unconnected output port 'NQ' of component 'Comp_Dflipflop'.
WARNING:Xst:753 - "C:/Users/Ben/Desktop/FPGAprojects/Components/Comp_4bitSyncCounter/Comp_4bitSyncCounter.vhd" line 112: Unconnected output port 'NQ' of component 'Comp_Dflipflop'.
Entity <Comp_4bitSyncCounter> analyzed. Unit <Comp_4bitSyncCounter> generated.

Analyzing Entity <Gate_Inv> in library <work> (Architecture <behavioral>).
Entity <Gate_Inv> analyzed. Unit <Gate_Inv> generated.

Analyzing Entity <Gate_Xor> in library <work> (Architecture <behavioral>).
Entity <Gate_Xor> analyzed. Unit <Gate_Xor> generated.

Analyzing Entity <Gate_And> in library <work> (Architecture <behavioral>).
Entity <Gate_And> analyzed. Unit <Gate_And> generated.

Analyzing Entity <Comp_Dflipflop> in library <work> (Architecture <behavioral>).
Entity <Comp_Dflipflop> analyzed. Unit <Comp_Dflipflop> generated.

Analyzing Entity <Gate_Nand> in library <work> (Architecture <behavioral>).
Entity <Gate_Nand> analyzed. Unit <Gate_Nand> generated.

Analyzing Entity <Gate_Buf> in library <work> (Architecture <behavioral>).
Entity <Gate_Buf> analyzed. Unit <Gate_Buf> generated.


=========================================================================
*                           HDL Synthesis                               *
=========================================================================

Performing bidirectional port resolution...

Synthesizing Unit <Gate_Inv>.
    Related source file is "C:/Users/Ben/Desktop/FPGAprojects/Gates/Gate_Inv/Gate_Inv.vhd".
Unit <Gate_Inv> synthesized.


Synthesizing Unit <Gate_Xor>.
    Related source file is "C:/Users/Ben/Desktop/FPGAprojects/Gates/Gate_Xor/Gate_Xor.vhd".
    Found 1-bit xor2 for signal <Q>.
Unit <Gate_Xor> synthesized.


Synthesizing Unit <Gate_And>.
    Related source file is "C:/Users/Ben/Desktop/FPGAprojects/Gates/Gate_And/Gate_And.vhd".
Unit <Gate_And> synthesized.


Synthesizing Unit <Gate_Buf>.
    Related source file is "C:/Users/Ben/Desktop/FPGAprojects/Gates/Gate_Buf/Gate_Buf.vhd".
Unit <Gate_Buf> synthesized.


Synthesizing Unit <Gate_Nand>.
    Related source file is "C:/Users/Ben/Desktop/FPGAprojects/Gates/Gate_Nand/Gate_Nand.vhd".
Unit <Gate_Nand> synthesized.


Synthesizing Unit <Comp_Dflipflop>.
    Related source file is "C:/Users/Ben/Desktop/FPGAprojects/Components/Comp_Dflipflop/Comp_Dflipflop.vhd".
Unit <Comp_Dflipflop> synthesized.


Synthesizing Unit <Comp_4bitSyncCounter>.
    Related source file is "C:/Users/Ben/Desktop/FPGAprojects/Components/Comp_4bitSyncCounter/Comp_4bitSyncCounter.vhd".
Unit <Comp_4bitSyncCounter> synthesized.


=========================================================================
HDL Synthesis Report

Macro Statistics
# Xors                                                 : 4
 1-bit xor2                                            : 4

=========================================================================

=========================================================================
*                       Advanced HDL Synthesis                          *
=========================================================================

Loading device for application Rf_Device from file '3s500e.nph' in environment C:\Xilinx\10.1\ISE.
WARNING:Xst:1290 - Hierarchical block <G11> is unconnected in block <G3>.
   It will be removed from the design.
WARNING:Xst:1290 - Hierarchical block <G11> is unconnected in block <G8>.
   It will be removed from the design.
WARNING:Xst:1290 - Hierarchical block <G11> is unconnected in block <G13>.
   It will be removed from the design.
WARNING:Xst:1290 - Hierarchical block <G11> is unconnected in block <G18>.
   It will be removed from the design.

=========================================================================
Advanced HDL Synthesis Report

Macro Statistics
# Xors                                                 : 4
 1-bit xor2                                            : 4

=========================================================================

=========================================================================
*                         Low Level Synthesis                           *
=========================================================================
WARNING:Xst:2170 - Unit Comp_4bitSyncCounter : the following signal(s) form a combinatorial loop: Q3.
WARNING:Xst:2170 - Unit Comp_4bitSyncCounter : the following signal(s) form a combinatorial loop: G3/S2.
WARNING:Xst:2170 - Unit Comp_4bitSyncCounter : the following signal(s) form a combinatorial loop: G18/S2.
WARNING:Xst:2170 - Unit Comp_4bitSyncCounter : the following signal(s) form a combinatorial loop: G8/S2.
WARNING:Xst:2170 - Unit Comp_4bitSyncCounter : the following signal(s) form a combinatorial loop: Q2.
WARNING:Xst:2170 - Unit Comp_4bitSyncCounter : the following signal(s) form a combinatorial loop: Q1.
WARNING:Xst:2170 - Unit Comp_4bitSyncCounter : the following signal(s) form a combinatorial loop: G13/S2.
WARNING:Xst:2170 - Unit Comp_4bitSyncCounter : the following signal(s) form a combinatorial loop: Q4.

Optimizing unit <Comp_4bitSyncCounter> ...

Mapping all equations...
Building and optimizing final netlist ...
Found area constraint ratio of 100 (+ 5) on block Comp_4bitSyncCounter, actual ratio is 0.

Final Macro Processing ...

=========================================================================
Final Register Report

Found no macro
=========================================================================

=========================================================================
*                           Partition Report                             *
=========================================================================

Partition Implementation Status
-------------------------------

  No Partitions were found in this design.

-------------------------------

=========================================================================
*                            Final Report                               *
=========================================================================
Final Results
RTL Top Level Output File Name     : Comp_4bitSyncCounter.ngr
Top Level Output File Name         : Comp_4bitSyncCounter
Output Format                      : NGC
Optimization Goal                  : Speed
Keep Hierarchy                     : NO

Design Statistics
# IOs                              : 7

Cell Usage :
# BELS                             : 17
#      GND                         : 1
#      LUT2                        : 1
#      LUT3                        : 4
#      LUT4                        : 7
#      MUXF5                       : 4
# IO Buffers                       : 7
#      IBUF                        : 3
#      OBUF                        : 4
=========================================================================

Device utilization summary:
---------------------------

Selected Device : 3s500efg320-4 

 Number of Slices:                        8  out of   4656     0%  
 Number of 4 input LUTs:                 12  out of   9312     0%  
 Number of IOs:                           7
 Number of bonded IOBs:                   7  out of    232     3%  

---------------------------
Partition Resource Summary:
---------------------------

  No Partitions were found in this design.

---------------------------


=========================================================================
TIMING REPORT

NOTE: THESE TIMING NUMBERS ARE ONLY A SYNTHESIS ESTIMATE.
      FOR ACCURATE TIMING INFORMATION PLEASE REFER TO THE TRACE REPORT
      GENERATED AFTER PLACE-and-ROUTE.

Clock Information:
------------------
No clock signals found in this design

Asynchronous Control Signals Information:
----------------------------------------
No asynchronous control signals found in this design

Timing Summary:
---------------
Speed Grade: -4

   Minimum period: No path found
   Minimum input arrival time before clock: No path found
   Maximum output required time after clock: No path found
   Maximum combinational path delay: 19.697ns

Timing Detail:
--------------
All values displayed in nanoseconds (ns)

=========================================================================
Timing constraint: Default path analysis
  Total number of paths / destination ports: 101 / 4
-------------------------------------------------------------------------
Delay:               19.697ns (Levels of Logic = 16)
  Source:            CLK (PAD)
  Destination:       Q4 (PAD)

  Data Path: CLK to Q4
                                Gate     Net
    Cell:in->out      fanout   Delay   Delay  Logical Name (Net Name)
    ----------------------------------------  ------------
     IBUF:I->O             9   1.218   0.995  CLK_IBUF (CLK_IBUF)
     LUT4:I0->O            1   0.704   0.000  G3/G3/Q2 (G3/G3/Q1)
     MUXF5:I0->O           3   0.321   0.610  G3/G3/Q_f5 (G3/S2)
     LUT3:I1->O            7   0.704   0.743  G3/G7/Q1 (Q1_OBUF)
     LUT4:I2->O            1   0.704   0.000  G8/G3/Q1 (G8/G3/Q)
     MUXF5:I0->O           2   0.321   0.526  G8/G3/Q_f5 (G8/S2)
     LUT3:I1->O            6   0.704   0.748  G8/G7/Q1 (Q2_OBUF)
     LUT4:I1->O            1   0.704   0.455  G13/G3/Q_SW0 (N10)
     LUT4:I2->O            2   0.704   0.526  G13/G3/Q (G13/S2)
     LUT3:I1->O            5   0.704   0.668  G13/G7/Q1 (Q3_OBUF)
     LUT4:I2->O            1   0.704   0.000  G18/G3/Q301 (G18/G3/Q301)
     MUXF5:I0->O           1   0.321   0.499  G18/G3/Q30_f5 (G18/G3/Q30)
     LUT4:I1->O            1   0.704   0.000  G18/G3/Q781 (G18/G3/Q781)
     MUXF5:I0->O           2   0.321   0.526  G18/G3/Q78_f5 (G18/G3/Q78)
     LUT3:I1->O            4   0.704   0.587  G18/G7/Q1 (Q4_OBUF)
     OBUF:I->O                 3.272          Q4_OBUF (Q4)
    ----------------------------------------
    Total                     19.697ns (12.814ns logic, 6.883ns route)
                                       (65.1% logic, 34.9% route)

=========================================================================


Total REAL time to Xst completion: 4.00 secs
Total CPU time to Xst completion: 4.14 secs
 
--> 

Total memory usage is 195660 kilobytes

Number of errors   :    0 (   0 filtered)
Number of warnings :   16 (   0 filtered)
Number of infos    :    0 (   0 filtered)

