--------------------------------------------------------------------------------
Release 10.1 Trace  (nt)
Copyright (c) 1995-2008 Xilinx, Inc.  All rights reserved.

C:\Xilinx\10.1\ISE\bin\nt\unwrapped\trce.exe -ise
C:/Users/Ben/Desktop/FPGAprojects/Components/Comp_4x4Multiplexer/Comp_4x4Multiplexer.ise
-intstyle ise -e 3 -s 4 -xml Comp_4x4Multiplexer Comp_4x4Multiplexer.ncd -o
Comp_4x4Multiplexer.twr Comp_4x4Multiplexer.pcf

Design file:              Comp_4x4Multiplexer.ncd
Physical constraint file: Comp_4x4Multiplexer.pcf
Device,package,speed:     xc3s500e,fg320,-4 (PRODUCTION 1.27 2008-01-09)
Report level:             error report

Environment Variable      Effect 
--------------------      ------ 
NONE                      No environment variables were set
--------------------------------------------------------------------------------

INFO:Timing:2698 - No timing constraints found, doing default enumeration.
INFO:Timing:2752 - To get complete path coverage, use the unconstrained paths 
   option. All paths that are not constrained will be reported in the 
   unconstrained paths section(s) of the report.
INFO:Timing:3339 - The clock-to-out numbers in this timing report are based on 
   a 50 Ohm transmission line loading model.  For the details of this model, 
   and for more information on accounting for different loading conditions, 
   please see the device datasheet.



Data Sheet report:
-----------------
All values displayed in nanoseconds (ns)

Pad to Pad
---------------+---------------+---------+
Source Pad     |Destination Pad|  Delay  |
---------------+---------------+---------+
A0             |Q0             |    7.126|
A1             |Q1             |    8.321|
A2             |Q2             |    7.013|
A3             |Q3             |    6.767|
B0             |Q0             |    7.146|
B1             |Q1             |    8.051|
B2             |Q2             |    7.038|
B3             |Q3             |    7.196|
C0             |Q0             |    7.335|
C1             |Q1             |    7.950|
C2             |Q2             |    7.189|
C3             |Q3             |    7.032|
D0             |Q0             |    6.684|
D1             |Q1             |    7.368|
D2             |Q2             |    6.408|
D3             |Q3             |    6.211|
Sel0           |Q0             |    6.795|
Sel0           |Q1             |    8.250|
Sel0           |Q2             |    7.485|
Sel0           |Q3             |    7.252|
Sel1           |Q0             |    6.677|
Sel1           |Q1             |    7.260|
Sel1           |Q2             |    6.554|
Sel1           |Q3             |    6.276|
---------------+---------------+---------+


Analysis completed Fri Apr 10 18:43:04 2009 
--------------------------------------------------------------------------------

Trace Settings:
-------------------------
Trace Settings 

Peak Memory Usage: 129 MB



