--------------------------------------------------------------------------------
Release 10.1 Trace  (nt)
Copyright (c) 1995-2008 Xilinx, Inc.  All rights reserved.

C:\Xilinx\10.1\ISE\bin\nt\unwrapped\trce.exe -ise
C:/Users/Ben/Desktop/FPGAprojects/Components/Comp_4bitDecadeCounter/Comp_4bitDecadeCounter.ise
-intstyle ise -e 3 -s 4 -xml Comp_4bitDecadeCounter Comp_4bitDecadeCounter.ncd
-o Comp_4bitDecadeCounter.twr Comp_4bitDecadeCounter.pcf -ucf
Comp_4bitDecadeCounter.ucf

Design file:              Comp_4bitDecadeCounter.ncd
Physical constraint file: Comp_4bitDecadeCounter.pcf
Device,package,speed:     xc3s500e,fg320,-4 (PRODUCTION 1.27 2008-01-09)
Report level:             error report

Environment Variable      Effect 
--------------------      ------ 
NONE                      No environment variables were set
--------------------------------------------------------------------------------

INFO:Timing:2698 - No timing constraints found, doing default enumeration.
INFO:Timing:2752 - To get complete path coverage, use the unconstrained paths 
   option. All paths that are not constrained will be reported in the 
   unconstrained paths section(s) of the report.
INFO:Timing:3339 - The clock-to-out numbers in this timing report are based on 
   a 50 Ohm transmission line loading model.  For the details of this model, 
   and for more information on accounting for different loading conditions, 
   please see the device datasheet.



Data Sheet report:
-----------------
All values displayed in nanoseconds (ns)

Pad to Pad
---------------+---------------+---------+
Source Pad     |Destination Pad|  Delay  |
---------------+---------------+---------+
CLK            |Q1             |   13.093|
CLK            |Q2             |    8.481|
CLK            |Q3             |   10.809|
CLK            |Q4             |   12.451|
---------------+---------------+---------+


Analysis completed Fri Apr 10 17:43:00 2009 
--------------------------------------------------------------------------------

Trace Settings:
-------------------------
Trace Settings 

Peak Memory Usage: 129 MB



